Flow report for Chen_Kevin_1BitHalfAdder
Fri Feb 22 14:41:24 2019
Quartus II 64-Bit Version 13.0.1 Build 232 06/12/2013 Service Pack 1 SJ Web Edition


---------------------
; Table of Contents ;
---------------------
  1. Legal Notice
  2. Flow Summary
  3. Flow Settings
  4. Flow Non-Default Global Settings
  5. Flow Elapsed Time
  6. Flow OS Summary
  7. Flow Log
  8. Flow Messages
  9. Flow Suppressed Messages



----------------
; Legal Notice ;
----------------
Copyright (C) 1991-2013 Altera Corporation
Your use of Altera Corporation's design tools, logic functions 
and other software and tools, and its AMPP partner logic 
functions, and any output files from any of the foregoing 
(including device programming or simulation files), and any 
associated documentation or information are expressly subject 
to the terms and conditions of the Altera Program License 
Subscription Agreement, Altera MegaCore Function License 
Agreement, or other applicable license agreement, including, 
without limitation, that your use is for the sole purpose of 
programming logic devices manufactured by Altera and sold by 
Altera or its authorized distributors.  Please refer to the 
applicable agreement for further details.



+--------------------------------------------------------------------------------------+
; Flow Summary                                                                         ;
+------------------------------------+-------------------------------------------------+
; Flow Status                        ; Successful - Fri Feb 22 14:41:24 2019           ;
; Quartus II 64-Bit Version          ; 13.0.1 Build 232 06/12/2013 SP 1 SJ Web Edition ;
; Revision Name                      ; Chen_Kevin_1BitHalfAdder                        ;
; Top-level Entity Name              ; Chen_Kevin_HalfAdderLPM                         ;
; Family                             ; Cyclone II                                      ;
; Device                             ; EP2C35F672C6                                    ;
; Timing Models                      ; Final                                           ;
; Total logic elements               ; 2 / 33,216 ( < 1 % )                            ;
;     Total combinational functions  ; 2 / 33,216 ( < 1 % )                            ;
;     Dedicated logic registers      ; 0 / 33,216 ( 0 % )                              ;
; Total registers                    ; 0                                               ;
; Total pins                         ; 4 / 475 ( < 1 % )                               ;
; Total virtual pins                 ; 0                                               ;
; Total memory bits                  ; 0 / 483,840 ( 0 % )                             ;
; Embedded Multiplier 9-bit elements ; 0 / 70 ( 0 % )                                  ;
; Total PLLs                         ; 0 / 4 ( 0 % )                                   ;
+------------------------------------+-------------------------------------------------+


+----------------------------------------------+
; Flow Settings                                ;
+-------------------+--------------------------+
; Option            ; Setting                  ;
+-------------------+--------------------------+
; Start date & time ; 02/22/2019 14:33:54      ;
; Main task         ; Compilation              ;
; Revision Name     ; Chen_Kevin_1BitHalfAdder ;
+-------------------+--------------------------+


+--------------------------------------------------------------------------------------------------------------------------------------------+
; Flow Non-Default Global Settings                                                                                                           ;
+-------------------------------------+--------------------------------+--------------------------+-------------------------+----------------+
; Assignment Name                     ; Value                          ; Default Value            ; Entity Name             ; Section Id     ;
+-------------------------------------+--------------------------------+--------------------------+-------------------------+----------------+
; COMPILER_SIGNATURE_ID               ; 10995770589195.155086403417016 ; --                       ; --                      ; --             ;
; EDA_GENERATE_FUNCTIONAL_NETLIST     ; On                             ; --                       ; --                      ; eda_simulation ;
; EDA_OUTPUT_DATA_FORMAT              ; Verilog Hdl                    ; --                       ; --                      ; eda_simulation ;
; EDA_SIMULATION_TOOL                 ; ModelSim-Altera (Verilog)      ; <None>                   ; --                      ; --             ;
; IP_TOOL_NAME                        ; LPM_ADD_SUB                    ; --                       ; --                      ; --             ;
; IP_TOOL_VERSION                     ; 13.0                           ; --                       ; --                      ; --             ;
; MAX_CORE_JUNCTION_TEMP              ; 85                             ; --                       ; --                      ; --             ;
; MIN_CORE_JUNCTION_TEMP              ; 0                              ; --                       ; --                      ; --             ;
; MISC_FILE                           ; Chen_Kevin_HalfAdderLPM.cmp    ; --                       ; --                      ; --             ;
; PARTITION_COLOR                     ; 16764057                       ; --                       ; Chen_Kevin_HalfAdderLPM ; Top            ;
; PARTITION_FITTER_PRESERVATION_LEVEL ; PLACEMENT_AND_ROUTING          ; --                       ; Chen_Kevin_HalfAdderLPM ; Top            ;
; PARTITION_NETLIST_TYPE              ; SOURCE                         ; --                       ; Chen_Kevin_HalfAdderLPM ; Top            ;
; PROJECT_OUTPUT_DIRECTORY            ; output_files                   ; --                       ; --                      ; --             ;
; TOP_LEVEL_ENTITY                    ; Chen_Kevin_HalfAdderLPM        ; Chen_Kevin_1BitHalfAdder ; --                      ; --             ;
+-------------------------------------+--------------------------------+--------------------------+-------------------------+----------------+


+-------------------------------------------------------------------------------------------------------------------------------+
; Flow Elapsed Time                                                                                                             ;
+---------------------------+--------------+-------------------------+---------------------+------------------------------------+
; Module Name               ; Elapsed Time ; Average Processors Used ; Peak Virtual Memory ; Total CPU Time (on all processors) ;
+---------------------------+--------------+-------------------------+---------------------+------------------------------------+
; Analysis & Synthesis      ; 00:00:03     ; 1.0                     ; 4672 MB             ; 00:00:02                           ;
; Fitter                    ; 00:00:06     ; 1.0                     ; 4929 MB             ; 00:00:06                           ;
; Assembler                 ; 00:00:02     ; 1.0                     ; 4575 MB             ; 00:00:02                           ;
; TimeQuest Timing Analyzer ; 00:00:02     ; 1.0                     ; 4563 MB             ; 00:00:01                           ;
; EDA Netlist Writer        ; 00:00:01     ; 1.0                     ; 4531 MB             ; 00:00:01                           ;
; EDA Netlist Writer        ; 00:00:01     ; 1.0                     ; 4539 MB             ; 00:00:01                           ;
; EDA Netlist Writer        ; 00:00:01     ; 1.0                     ; 4539 MB             ; 00:00:01                           ;
; Total                     ; 00:00:16     ; --                      ; --                  ; 00:00:14                           ;
+---------------------------+--------------+-------------------------+---------------------+------------------------------------+


+----------------------------------------------------------------------------------------+
; Flow OS Summary                                                                        ;
+---------------------------+------------------+-----------+------------+----------------+
; Module Name               ; Machine Hostname ; OS Name   ; OS Version ; Processor type ;
+---------------------------+------------------+-----------+------------+----------------+
; Analysis & Synthesis      ; ChibiKev         ; Windows 7 ; 6.2        ; x86_64         ;
; Fitter                    ; ChibiKev         ; Windows 7 ; 6.2        ; x86_64         ;
; Assembler                 ; ChibiKev         ; Windows 7 ; 6.2        ; x86_64         ;
; TimeQuest Timing Analyzer ; ChibiKev         ; Windows 7 ; 6.2        ; x86_64         ;
; EDA Netlist Writer        ; ChibiKev         ; Windows 7 ; 6.2        ; x86_64         ;
; EDA Netlist Writer        ; ChibiKev         ; Windows 7 ; 6.2        ; x86_64         ;
; EDA Netlist Writer        ; ChibiKev         ; Windows 7 ; 6.2        ; x86_64         ;
+---------------------------+------------------+-----------+------------+----------------+


------------
; Flow Log ;
------------
quartus_map --read_settings_files=on --write_settings_files=off Chen_Kevin_1BitHalfAdder -c Chen_Kevin_1BitHalfAdder
quartus_fit --read_settings_files=off --write_settings_files=off Chen_Kevin_1BitHalfAdder -c Chen_Kevin_1BitHalfAdder
quartus_asm --read_settings_files=off --write_settings_files=off Chen_Kevin_1BitHalfAdder -c Chen_Kevin_1BitHalfAdder
quartus_sta Chen_Kevin_1BitHalfAdder -c Chen_Kevin_1BitHalfAdder
quartus_eda --read_settings_files=off --write_settings_files=off Chen_Kevin_1BitHalfAdder -c Chen_Kevin_1BitHalfAdder
quartus_eda --gen_testbench --check_outputs=on --tool=modelsim_oem --format=verilog Chen_Kevin_1BitHalfAdder -c Chen_Kevin_1BitHalfAdder --vector_source="C:/Users/kille/Desktop/Chen_Kevin/Lab 1/1 bit half adder/Chen_Kevin_HalfAdderLPMWaveform.vwf" --testbench_file=./simulation/qsim/Chen_Kevin_1BitHalfAdder.vt
quartus_eda --functional=on --simulation=on --tool=modelsim_oem --format=verilog Chen_Kevin_1BitHalfAdder -c Chen_Kevin_1BitHalfAdder



